{"t":{"$date":"2026-01-06T12:03:11.948+05:30"},"s":"I",  "c":"-",        "id":8991200, "ctx":"thread1","msg":"Shuffling initializers","attr":{"seed":2985309056}}
{"t":{"$date":"2026-01-06T12:03:14.729+05:30"},"s":"I",  "c":"CONTROL",  "id":97374,   "ctx":"thread1","msg":"Automatically disabling TLS 1.0 and TLS 1.1, to force-enable TLS 1.1 specify --sslDisabledProtocols 'TLS1_0'; to force-enable TLS 1.0 specify --sslDisabledProtocols 'none'"}
{"t":{"$date":"2026-01-06T12:03:14.765+05:30"},"s":"I",  "c":"NETWORK",  "id":4915701, "ctx":"thread1","msg":"Initialized wire specification","attr":{"spec":{"incomingExternalClient":{"minWireVersion":0,"maxWireVersion":27},"incomingInternalClient":{"minWireVersion":0,"maxWireVersion":27},"outgoing":{"minWireVersion":6,"maxWireVersion":27},"isInternalClient":true}}}
Invalid command: S
Options:
  --networkMessageCompressors arg (=snappy,zstd,zlib)
                                        Comma-separated list of compressors to 
                                        use for network messages

General options:
  -h [ --help ]                         Show this usage information
  --version                             Show version information
  -f [ --config ] arg                   Configuration file specifying 
                                        additional options
  --configExpand arg                    Process expansion directives in config 
                                        file (none, exec, rest)
  --port arg                            Specify port number - 27017 by default
  --ipv6                                Enable IPv6 support (disabled by 
                                        default)
  --listenBacklog arg                   Set socket listen backlog size
  --maxConns arg (=1000000)             Max number of simultaneous connections
  --pidfilepath arg                     Full path to pidfile (if not set, no 
                                        pidfile is created)
  --timeZoneInfo arg                    Full path to time zone info directory, 
                                        e.g. /usr/share/zoneinfo
  -v [ --verbose ] [=arg(=v)]           Be more verbose (include multiple times
                                        for more verbosity e.g. -vvvvv)
  --quiet                               Quieter output
  --logpath arg                         Log file to send write to instead of 
                                        stdout - has to be a file, not 
                                        directory
  --logappend                           Append to logpath instead of 
                                        over-writing
  --logRotate arg                       Set the log rotation behavior 
                                        (rename|reopen)
  --timeStampFormat arg                 Desired format for timestamps in log 
                                        messages. One of iso8601-utc or 
                                        iso8601-local
  --setParameter arg                    Set a configurable parameter
  --extensions arg                      Specify paths to extensions to load
  --bind_ip arg                         Comma separated list of ip addresses to
                                        listen on - localhost by default
  --bind_ip_all                         Bind to all ip addresses
  --noauth                              Run without security
  --transitionToAuth                    For rolling access control upgrade. 
                                        Attempt to authenticate over outgoing 
                                        connections and proceed regardless of 
                                        success. Accept incoming connections 
                                        with or without authentication.
  --slowms arg (=100)                   Value of slow for profile and console 
                                        log
  --slowTaskWaitTimeProfilingMs arg (=50)
                                        Value of slow wait time for tasks
  --slowOpSampleRate arg (=1)           Fraction of slow ops to include in the 
                                        profile and console log
  --profileFilter arg                   Query predicate to control which 
                                        operations are logged and profiled
  --auth                                Run with security
  --clusterIpSourceAllowlist arg        Network CIDR specification of permitted
                                        origin for `__system` access
  --profile arg                         0=off 1=slow, 2=all
  --cpu                                 Periodically show cpu and iowait 
                                        utilization
  --sysinfo                             Print some diagnostic system 
                                        information
  --noscripting                         Disable scripting engine
  --notablescan                         Do not allow table scans
  --proxyPort arg                       The port that accepts connections with 
                                        a proxy protocol header.
  --keyFile arg                         Private key for cluster authentication
  --clusterAuthMode arg                 Authentication mode used for cluster 
                                        authentication. Alternatives are 
                                        (keyFile|sendKeyFile|sendX509|x509)

Replication options:
  --oplogSize arg                       Size to use (in MB) for replication op 
                                        log. default is 5% of disk space (i.e. 
                                        large is good)

Replica set options:
  --replSet arg                         arg is <setname>[/<optionalseedhostlist
                                        >]
  --replSetName arg                     arg is <setname>

Serverless mode:
  --serverless arg                      Serverless mode implies replication is 
                                        enabled, cannot be used with replSet or
                                        replSetName.

Sharding options:
  --configsvr                           Assigns the config-server role to this 
                                        node in a sharded cluster. The default 
                                        listening port is 27019 and the default
                                        database directory is /data/configdb.
  --shardsvr                            Assigns the shard-server role to this 
                                        node in a sharded cluster. The default 
                                        listening port is 27018.
  --routerPort [=arg(=27016)]           Assigns the router role to this node in
                                        a sharded cluster, and results in 
                                        listening to a dedicated port (27016 by
                                        default) to serve routing requests.
  --maintenanceMode arg                 Allows this node to skip starting up 
                                        sharding components or both replication
                                        and  sharding components. This allows 
                                        for performing maintenance on this 
                                        node. To skip  setting up just sharding
                                        components use --maintenanceMode=replic
                                        aSet. To skip setting  up both sharding
                                        and replication components use 
                                        --maintenanceMode=standalone.
  --replicaSetConfigShardMaintenanceMode 
                                        Bypasses validation of configuration 
                                        mismatches between startup parameters 
                                        and the stored replSetConfig. Enables 
                                        restarting the node as a configsvr even
                                        if the stored configuration is for a 
                                        replica set, and vice versa.

Storage options:
  --storageEngine arg                   What storage engine to use - defaults 
                                        to wiredTiger if no data files present
  --dbpath arg                          Directory for datafiles - defaults to 
                                        \data\db\ which is C:\data\db\ based on
                                        the current working drive
  --directoryperdb                      Each database will be stored in a 
                                        separate directory
  --syncdelay arg                       Seconds between disk syncs
  --journalCommitInterval arg           how often to group/batch commit (ms)
  --upgrade                             Upgrade db if needed
  --repair                              Run repair on all dbs
  --validate                            Run validation on all collections
  --restore                             This should only be used when restoring
                                        from a backup. Mongod will behave 
                                        differently by handling collections 
                                        with missing data files, allowing 
                                        database renames, skipping oplog 
                                        entries for collections not restored 
                                        and more.
  --oplogMinRetentionHours arg (=0)     Minimum number of hours to preserve in 
                                        the oplog. Default is 0 (turned off). 
                                        Fractions are allowed (e.g. 1.5 hours)

AWS IAM Options:
  --awsIamSessionToken arg              AWS Session Token for temporary 
                                        credentials

TLS Options:
  --tlsOnNormalPorts                    Use TLS on configured ports
  --tlsMode arg                         Set the TLS operation mode 
                                        (disabled|allowTLS|preferTLS|requireTLS
                                        )
  --tlsCertificateKeyFile arg           Certificate and key file for TLS. 
                                        Certificate is presented in response to
                                        inbound connections always. Certificate
                                        is also presented for outbound 
                                        connections if tlsClusterFile is not 
                                        specified.
  --tlsCertificateKeyFilePassword arg   Password to unlock key in the TLS 
                                        certificate key file
  --tlsClusterFile arg                  Certificate and key file for internal 
                                        TLS authentication. Certificate is 
                                        presented on outbound connections if 
                                        specified.
  --tlsClusterPassword arg              Internal authentication key file 
                                        password
  --tlsCAFile arg                       Certificate Authority file for TLS. 
                                        Used to verify remote certificates 
                                        presented in response to outbound 
                                        connections. Also used to verify remote
                                        certificates from inbound connections 
                                        if tlsClusterCAFile is not specified.
  --tlsClusterCAFile arg                CA used for verifying remotes during 
                                        inbound connections
  --tlsCRLFile arg                      Certificate Revocation List file for 
                                        TLS
  --tlsDisabledProtocols arg            Comma separated list of TLS protocols 
                                        to disable [TLS1_0,TLS1_1,TLS1_2,TLS1_3
                                        ]
  --tlsAllowConnectionsWithoutCertificates 
                                        Allow client to connect without 
                                        presenting a certificate
  --tlsAllowInvalidHostnames            Allow server certificates to provide 
                                        non-matching hostnames
  --tlsAllowInvalidCertificates         Allow connections to servers with 
                                        invalid certificates
  --tlsCertificateSelector arg          TLS Certificate in system store
  --tlsClusterCertificateSelector arg   SSL/TLS Certificate in system store for
                                        internal TLS authentication
  --tlsLogVersions arg                  Comma separated list of TLS protocols 
                                        to log on connect [TLS1_0,TLS1_1,TLS1_2
                                        ,TLS1_3]
  --tlsClusterAuthX509ExtensionValue arg
                                        If specified, clients who expect to be 
                                        regarded as cluster members must 
                                        present a valid X.509 certificate 
                                        containing an X.509 extension for OID 
                                        1.3.6.1.4.1.34601.2.1.2 which contains 
                                        the specified value.
  --tlsClusterAuthX509Attributes arg    If specified, clients performing X.509 
                                        authentication must present a 
                                        certificate with a  subject name with 
                                        the exact attributes and values 
                                        provided in this config option to be  
                                        treated as peer cluster nodes.

WiredTiger options:
  --wiredTigerCacheSizeGB arg           Maximum amount of memory to allocate 
                                        for cache in GB; Defaults to 1/2 of 
                                        physical RAM. Only one of either 
                                        wiredTigerCacheSizePct or 
                                        wiredTigerCacheSizeGB can be provided
  --wiredTigerCacheSizePct arg          Maximum amount of memory to allocate 
                                        for cache as a percentage of physical 
                                        RAM; Defaults to 1/2 of physical RAM 
                                        and a minimum of 256MB. Only one of 
                                        either wiredTigerCacheSizePct or 
                                        wiredTigerCacheSizeGB can be provided
  --zstdDefaultCompressionLevel arg (=6)
                                        Default compression level for zstd 
                                        compressor
  --wiredTigerJournalCompressor arg (=snappy)
                                        Use a compressor for log records 
                                        [none|snappy|zlib|zstd]
  --wiredTigerDirectoryForIndexes       Put indexes and data in different 
                                        directories
  --wiredTigerLiveRestoreSource arg     Path to the source for live restore.
  --wiredTigerLiveRestoreThreads arg (=8)
                                        Number of live restore background 
                                        threads.
  --wiredTigerLiveRestoreReadSizeMB arg (=1)
                                        'The read size for data migration, in 
                                        MB, must be a power of two. This 
                                        setting is a best effort. It does not 
                                        force every read to be this size.'
  --wiredTigerCollectionBlockCompressor arg (=snappy)
                                        Block compression algorithm for 
                                        collection data [none|snappy|zlib|zstd]
  --wiredTigerIndexPrefixCompression arg (=1)
                                        Use prefix compression on row-store 
                                        leaf pages

Windows Service Control Manager options:
  --install                             Install Windows service
  --remove                              Remove Windows service
  --reinstall                           Reinstall Windows service (equivalent 
                                        to --remove followed by --install)
  --serviceName arg                     Windows service name
  --serviceDisplayName arg              Windows service display name
  --serviceDescription arg              Windows service description
  --serviceUser arg                     Account for service execution
  --servicePassword arg                 Password used to authenticate 
                                        serviceUser

